mode: atomic
github.com/smartatransit/api-gateway/endpoint/verify.go:21.16,22.71 1 8
github.com/smartatransit/api-gateway/endpoint/verify.go:22.71,24.34 2 8
github.com/smartatransit/api-gateway/endpoint/verify.go:41.3,42.47 2 6
github.com/smartatransit/api-gateway/endpoint/verify.go:71.3,72.17 2 3
github.com/smartatransit/api-gateway/endpoint/verify.go:77.3,77.19 1 2
github.com/smartatransit/api-gateway/endpoint/verify.go:83.3,84.31 2 2
github.com/smartatransit/api-gateway/endpoint/verify.go:24.34,26.18 2 2
github.com/smartatransit/api-gateway/endpoint/verify.go:32.4,38.10 4 1
github.com/smartatransit/api-gateway/endpoint/verify.go:26.18,30.5 3 1
github.com/smartatransit/api-gateway/endpoint/verify.go:42.47,45.60 3 3
github.com/smartatransit/api-gateway/endpoint/verify.go:45.60,47.26 2 3
github.com/smartatransit/api-gateway/endpoint/verify.go:51.5,56.19 5 2
github.com/smartatransit/api-gateway/endpoint/verify.go:47.26,50.6 2 1
github.com/smartatransit/api-gateway/endpoint/verify.go:56.19,61.6 3 1
github.com/smartatransit/api-gateway/endpoint/verify.go:63.9,64.52 1 3
github.com/smartatransit/api-gateway/endpoint/verify.go:68.4,68.56 1 2
github.com/smartatransit/api-gateway/endpoint/verify.go:64.52,67.5 2 1
github.com/smartatransit/api-gateway/endpoint/verify.go:72.17,75.4 2 1
github.com/smartatransit/api-gateway/endpoint/verify.go:77.19,81.4 1 1
