mode: atomic
github.com/smartatransit/api-gateway/endpoint/verify.go:17.16,18.71 1 5
github.com/smartatransit/api-gateway/endpoint/verify.go:18.71,20.34 2 5
github.com/smartatransit/api-gateway/endpoint/verify.go:37.3,37.51 1 3
github.com/smartatransit/api-gateway/endpoint/verify.go:42.3,43.17 2 2
github.com/smartatransit/api-gateway/endpoint/verify.go:48.3,49.31 2 1
github.com/smartatransit/api-gateway/endpoint/verify.go:20.34,22.18 2 2
github.com/smartatransit/api-gateway/endpoint/verify.go:28.4,34.10 4 1
github.com/smartatransit/api-gateway/endpoint/verify.go:22.18,26.5 3 1
github.com/smartatransit/api-gateway/endpoint/verify.go:37.51,40.4 2 1
github.com/smartatransit/api-gateway/endpoint/verify.go:43.17,46.4 2 1
