mode: atomic
github.com/smartatransit/api-gateway/jwt/auth0.go:28.87,42.2 3 4
github.com/smartatransit/api-gateway/jwt/auth0.go:49.69,54.16 4 4
github.com/smartatransit/api-gateway/jwt/auth0.go:57.2,59.38 2 3
github.com/smartatransit/api-gateway/jwt/auth0.go:63.2,65.16 3 2
github.com/smartatransit/api-gateway/jwt/auth0.go:69.2,69.19 1 1
github.com/smartatransit/api-gateway/jwt/auth0.go:54.16,56.3 1 1
github.com/smartatransit/api-gateway/jwt/auth0.go:59.38,61.3 1 1
github.com/smartatransit/api-gateway/jwt/auth0.go:65.16,67.3 1 1
github.com/smartatransit/api-gateway/jwt/jwt.go:20.62,23.2 2 1
github.com/smartatransit/api-gateway/jwt/jwt.go:26.38,28.2 1 1
github.com/smartatransit/api-gateway/jwt/jwt.go:37.39,42.2 1 3
github.com/smartatransit/api-gateway/jwt/jwt.go:57.94,60.16 3 3
github.com/smartatransit/api-gateway/jwt/jwt.go:64.2,64.18 1 1
github.com/smartatransit/api-gateway/jwt/jwt.go:60.16,62.3 1 2
github.com/smartatransit/api-gateway/jwt/jwt.go:67.65,69.16 2 3
github.com/smartatransit/api-gateway/jwt/jwt.go:73.2,73.47 1 2
github.com/smartatransit/api-gateway/jwt/jwt.go:77.2,77.21 1 1
github.com/smartatransit/api-gateway/jwt/jwt.go:69.16,71.3 1 1
github.com/smartatransit/api-gateway/jwt/jwt.go:73.47,75.3 1 1
github.com/smartatransit/api-gateway/jwt/keys.go:34.53,40.2 1 5
github.com/smartatransit/api-gateway/jwt/keys.go:53.65,55.62 2 5
github.com/smartatransit/api-gateway/jwt/keys.go:61.2,61.33 1 2
github.com/smartatransit/api-gateway/jwt/keys.go:65.2,65.52 1 1
github.com/smartatransit/api-gateway/jwt/keys.go:55.62,56.38 1 5
github.com/smartatransit/api-gateway/jwt/keys.go:56.38,58.4 1 3
github.com/smartatransit/api-gateway/jwt/keys.go:61.33,63.3 1 1
github.com/smartatransit/api-gateway/jwt/keys.go:72.38,77.16 4 5
github.com/smartatransit/api-gateway/jwt/keys.go:81.2,81.38 1 4
github.com/smartatransit/api-gateway/jwt/keys.go:85.2,86.64 2 3
github.com/smartatransit/api-gateway/jwt/keys.go:90.2,91.30 2 2
github.com/smartatransit/api-gateway/jwt/keys.go:95.2,97.12 3 2
github.com/smartatransit/api-gateway/jwt/keys.go:77.16,79.3 1 1
github.com/smartatransit/api-gateway/jwt/keys.go:81.38,83.3 1 1
github.com/smartatransit/api-gateway/jwt/keys.go:86.64,88.3 1 1
github.com/smartatransit/api-gateway/jwt/keys.go:91.30,93.3 1 2
